Mensaje I / 00:00:00:000 / Root(00) para top(01)
Mensaje I / 00:00:00:000 / top(01) para lasersensor(02)
Mensaje D / 00:00:00:000 / lasersensor(02) / ... para top(01)
Mensaje D / 00:00:00:000 / top(01) / ... para Root(00)
Mensaje X / 00:00:00:000 / Root(00) / position /      1.00000 para top(01)
Mensaje X / 00:00:00:000 / top(01) / position /      1.00000 para lasersensor(02)
Mensaje D / 00:00:00:000 / lasersensor(02) / 00:00:00:010 para top(01)
Mensaje D / 00:00:00:000 / top(01) / 00:00:00:010 para Root(00)
Mensaje X / 00:00:00:000 / Root(00) / height /      1.00000 para top(01)
Mensaje X / 00:00:00:000 / top(01) / height /      1.00000 para lasersensor(02)
Mensaje D / 00:00:00:000 / lasersensor(02) / 00:00:00:010 para top(01)
Mensaje D / 00:00:00:000 / top(01) / 00:00:00:010 para Root(00)
Mensaje * / 00:00:00:010 / Root(00) para top(01)
Mensaje * / 00:00:00:010 / top(01) para lasersensor(02)
Mensaje Y / 00:00:00:010 / lasersensor(02) / laser_reading /      0.84667 para top(01)
Mensaje D / 00:00:00:010 / lasersensor(02) / ... para top(01)
Mensaje Y / 00:00:00:010 / top(01) / laserreading /      0.84667 para Root(00)
Mensaje D / 00:00:00:010 / top(01) / ... para Root(00)
Mensaje X / 00:00:01:000 / Root(00) / position /      2.00000 para top(01)
Mensaje X / 00:00:01:000 / top(01) / position /      2.00000 para lasersensor(02)
Mensaje D / 00:00:01:000 / lasersensor(02) / 00:00:00:010 para top(01)
Mensaje D / 00:00:01:000 / top(01) / 00:00:00:010 para Root(00)
Mensaje X / 00:00:01:000 / Root(00) / height /      5.00000 para top(01)
Mensaje X / 00:00:01:000 / top(01) / height /      5.00000 para lasersensor(02)
Mensaje D / 00:00:01:000 / lasersensor(02) / 00:00:00:010 para top(01)
Mensaje D / 00:00:01:000 / top(01) / 00:00:00:010 para Root(00)
Mensaje * / 00:00:01:010 / Root(00) para top(01)
Mensaje * / 00:00:01:010 / top(01) para lasersensor(02)
Mensaje Y / 00:00:01:010 / lasersensor(02) / laser_reading /      1.85809 para top(01)
Mensaje D / 00:00:01:010 / lasersensor(02) / ... para top(01)
Mensaje Y / 00:00:01:010 / top(01) / laserreading /      1.85809 para Root(00)
Mensaje D / 00:00:01:010 / top(01) / ... para Root(00)
Mensaje X / 00:00:02:000 / Root(00) / position /      2.50000 para top(01)
Mensaje X / 00:00:02:000 / top(01) / position /      2.50000 para lasersensor(02)
Mensaje D / 00:00:02:000 / lasersensor(02) / 00:00:00:010 para top(01)
Mensaje D / 00:00:02:000 / top(01) / 00:00:00:010 para Root(00)
Mensaje X / 00:00:02:000 / Root(00) / height /      8.00000 para top(01)
Mensaje X / 00:00:02:000 / top(01) / height /      8.00000 para lasersensor(02)
Mensaje D / 00:00:02:000 / lasersensor(02) / 00:00:00:010 para top(01)
Mensaje D / 00:00:02:000 / top(01) / 00:00:00:010 para Root(00)
Mensaje * / 00:00:02:010 / Root(00) para top(01)
Mensaje * / 00:00:02:010 / top(01) para lasersensor(02)
Mensaje Y / 00:00:02:010 / lasersensor(02) / laser_reading /      5.50097 para top(01)
Mensaje D / 00:00:02:010 / lasersensor(02) / ... para top(01)
Mensaje Y / 00:00:02:010 / top(01) / laserreading /      5.50097 para Root(00)
Mensaje D / 00:00:02:010 / top(01) / ... para Root(00)
Mensaje X / 00:00:03:000 / Root(00) / position /      3.00000 para top(01)
Mensaje X / 00:00:03:000 / top(01) / position /      3.00000 para lasersensor(02)
Mensaje D / 00:00:03:000 / lasersensor(02) / 00:00:00:010 para top(01)
Mensaje D / 00:00:03:000 / top(01) / 00:00:00:010 para Root(00)
Mensaje X / 00:00:03:000 / Root(00) / height /      8.00000 para top(01)
Mensaje X / 00:00:03:000 / top(01) / height /      8.00000 para lasersensor(02)
Mensaje D / 00:00:03:000 / lasersensor(02) / 00:00:00:010 para top(01)
Mensaje D / 00:00:03:000 / top(01) / 00:00:00:010 para Root(00)
Mensaje * / 00:00:03:010 / Root(00) para top(01)
Mensaje * / 00:00:03:010 / top(01) para lasersensor(02)
Mensaje Y / 00:00:03:010 / lasersensor(02) / laser_reading /      8.02925 para top(01)
Mensaje D / 00:00:03:010 / lasersensor(02) / ... para top(01)
Mensaje Y / 00:00:03:010 / top(01) / laserreading /      8.02925 para Root(00)
Mensaje D / 00:00:03:010 / top(01) / ... para Root(00)
Mensaje X / 00:00:04:000 / Root(00) / position /      5.00000 para top(01)
Mensaje X / 00:00:04:000 / top(01) / position /      5.00000 para lasersensor(02)
Mensaje D / 00:00:04:000 / lasersensor(02) / 00:00:00:010 para top(01)
Mensaje D / 00:00:04:000 / top(01) / 00:00:00:010 para Root(00)
Mensaje X / 00:00:04:000 / Root(00) / height /      7.00000 para top(01)
Mensaje X / 00:00:04:000 / top(01) / height /      7.00000 para lasersensor(02)
Mensaje D / 00:00:04:000 / lasersensor(02) / 00:00:00:010 para top(01)
Mensaje D / 00:00:04:000 / top(01) / 00:00:00:010 para Root(00)
Mensaje * / 00:00:04:010 / Root(00) para top(01)
Mensaje * / 00:00:04:010 / top(01) para lasersensor(02)
Mensaje Y / 00:00:04:010 / lasersensor(02) / laser_reading /      8.64277 para top(01)
Mensaje D / 00:00:04:010 / lasersensor(02) / ... para top(01)
Mensaje Y / 00:00:04:010 / top(01) / laserreading /      8.64277 para Root(00)
Mensaje D / 00:00:04:010 / top(01) / ... para Root(00)
Mensaje X / 00:00:05:000 / Root(00) / position /      7.00000 para top(01)
Mensaje X / 00:00:05:000 / top(01) / position /      7.00000 para lasersensor(02)
Mensaje D / 00:00:05:000 / lasersensor(02) / 00:00:00:010 para top(01)
Mensaje D / 00:00:05:000 / top(01) / 00:00:00:010 para Root(00)
Mensaje X / 00:00:05:000 / Root(00) / height /      6.00000 para top(01)
Mensaje X / 00:00:05:000 / top(01) / height /      6.00000 para lasersensor(02)
Mensaje D / 00:00:05:000 / lasersensor(02) / 00:00:00:010 para top(01)
Mensaje D / 00:00:05:000 / top(01) / 00:00:00:010 para Root(00)
Mensaje * / 00:00:05:010 / Root(00) para top(01)
Mensaje * / 00:00:05:010 / top(01) para lasersensor(02)
Mensaje Y / 00:00:05:010 / lasersensor(02) / laser_reading /      7.29843 para top(01)
Mensaje D / 00:00:05:010 / lasersensor(02) / ... para top(01)
Mensaje Y / 00:00:05:010 / top(01) / laserreading /      7.29843 para Root(00)
Mensaje D / 00:00:05:010 / top(01) / ... para Root(00)
Mensaje X / 00:00:06:000 / Root(00) / position /     10.00000 para top(01)
Mensaje X / 00:00:06:000 / top(01) / position /     10.00000 para lasersensor(02)
Mensaje D / 00:00:06:000 / lasersensor(02) / 00:00:00:010 para top(01)
Mensaje D / 00:00:06:000 / top(01) / 00:00:00:010 para Root(00)
Mensaje X / 00:00:06:000 / Root(00) / height /      5.00000 para top(01)
Mensaje X / 00:00:06:000 / top(01) / height /      5.00000 para lasersensor(02)
Mensaje D / 00:00:06:000 / lasersensor(02) / 00:00:00:010 para top(01)
Mensaje D / 00:00:06:000 / top(01) / 00:00:00:010 para Root(00)
Mensaje * / 00:00:06:010 / Root(00) para top(01)
Mensaje * / 00:00:06:010 / top(01) para lasersensor(02)
Mensaje Y / 00:00:06:010 / lasersensor(02) / laser_reading /      6.14592 para top(01)
Mensaje D / 00:00:06:010 / lasersensor(02) / ... para top(01)
Mensaje Y / 00:00:06:010 / top(01) / laserreading /      6.14592 para Root(00)
Mensaje D / 00:00:06:010 / top(01) / ... para Root(00)
