Mensaje I / 00:00:00:000 / Root(00) para top(01)
Mensaje I / 00:00:00:000 / top(01) para positioncalculation(02)
Mensaje D / 00:00:00:000 / positioncalculation(02) / ... para top(01)
Mensaje D / 00:00:00:000 / top(01) / ... para Root(00)
Mensaje X / 00:00:00:000 / Root(00) / speedin /     10.00000 para top(01)
Mensaje X / 00:00:00:000 / top(01) / speed /     10.00000 para positioncalculation(02)
Mensaje D / 00:00:00:000 / positioncalculation(02) / 00:00:00:001 para top(01)
Mensaje D / 00:00:00:000 / top(01) / 00:00:00:001 para Root(00)
Mensaje * / 00:00:00:001 / Root(00) para top(01)
Mensaje * / 00:00:00:001 / top(01) para positioncalculation(02)
Mensaje Y / 00:00:00:001 / positioncalculation(02) / position /      0.00000 para top(01)
Mensaje Y / 00:00:00:001 / positioncalculation(02) / position_diff /      0.00000 para top(01)
Mensaje D / 00:00:00:001 / positioncalculation(02) / ... para top(01)
Mensaje Y / 00:00:00:001 / top(01) / positionout /      0.00000 para Root(00)
Mensaje D / 00:00:00:001 / top(01) / ... para Root(00)
Mensaje X / 00:00:20:000 / Root(00) / speedin /     20.00000 para top(01)
Mensaje X / 00:00:20:000 / top(01) / speed /     20.00000 para positioncalculation(02)
Mensaje D / 00:00:20:000 / positioncalculation(02) / 00:00:00:001 para top(01)
Mensaje D / 00:00:20:000 / top(01) / 00:00:00:001 para Root(00)
Mensaje * / 00:00:20:001 / Root(00) para top(01)
Mensaje * / 00:00:20:001 / top(01) para positioncalculation(02)
Mensaje Y / 00:00:20:001 / positioncalculation(02) / position /    300.00000 para top(01)
Mensaje Y / 00:00:20:001 / positioncalculation(02) / position_diff /    300.00000 para top(01)
Mensaje D / 00:00:20:001 / positioncalculation(02) / ... para top(01)
Mensaje Y / 00:00:20:001 / top(01) / positionout /    300.00000 para Root(00)
Mensaje D / 00:00:20:001 / top(01) / ... para Root(00)
Mensaje X / 00:00:30:000 / Root(00) / speedin /     40.00000 para top(01)
Mensaje X / 00:00:30:000 / top(01) / speed /     40.00000 para positioncalculation(02)
Mensaje D / 00:00:30:000 / positioncalculation(02) / 00:00:00:001 para top(01)
Mensaje D / 00:00:30:000 / top(01) / 00:00:00:001 para Root(00)
Mensaje * / 00:00:30:001 / Root(00) para top(01)
Mensaje * / 00:00:30:001 / top(01) para positioncalculation(02)
Mensaje Y / 00:00:30:001 / positioncalculation(02) / position /    600.00000 para top(01)
Mensaje Y / 00:00:30:001 / positioncalculation(02) / position_diff /    300.00000 para top(01)
Mensaje D / 00:00:30:001 / positioncalculation(02) / ... para top(01)
Mensaje Y / 00:00:30:001 / top(01) / positionout /    600.00000 para Root(00)
Mensaje D / 00:00:30:001 / top(01) / ... para Root(00)
Mensaje X / 00:00:40:000 / Root(00) / speedin /     20.00000 para top(01)
Mensaje X / 00:00:40:000 / top(01) / speed /     20.00000 para positioncalculation(02)
Mensaje D / 00:00:40:000 / positioncalculation(02) / 00:00:00:001 para top(01)
Mensaje D / 00:00:40:000 / top(01) / 00:00:00:001 para Root(00)
Mensaje * / 00:00:40:001 / Root(00) para top(01)
Mensaje * / 00:00:40:001 / top(01) para positioncalculation(02)
Mensaje Y / 00:00:40:001 / positioncalculation(02) / position /    900.00000 para top(01)
Mensaje Y / 00:00:40:001 / positioncalculation(02) / position_diff /    300.00000 para top(01)
Mensaje D / 00:00:40:001 / positioncalculation(02) / ... para top(01)
Mensaje Y / 00:00:40:001 / top(01) / positionout /    900.00000 para Root(00)
Mensaje D / 00:00:40:001 / top(01) / ... para Root(00)
Mensaje X / 00:00:50:000 / Root(00) / speedin /     14.00000 para top(01)
Mensaje X / 00:00:50:000 / top(01) / speed /     14.00000 para positioncalculation(02)
Mensaje D / 00:00:50:000 / positioncalculation(02) / 00:00:00:001 para top(01)
Mensaje D / 00:00:50:000 / top(01) / 00:00:00:001 para Root(00)
Mensaje * / 00:00:50:001 / Root(00) para top(01)
Mensaje * / 00:00:50:001 / top(01) para positioncalculation(02)
Mensaje Y / 00:00:50:001 / positioncalculation(02) / position /   1070.00000 para top(01)
Mensaje Y / 00:00:50:001 / positioncalculation(02) / position_diff /    170.00000 para top(01)
Mensaje D / 00:00:50:001 / positioncalculation(02) / ... para top(01)
Mensaje Y / 00:00:50:001 / top(01) / positionout /   1070.00000 para Root(00)
Mensaje D / 00:00:50:001 / top(01) / ... para Root(00)
